<?xml version="1.0" encoding="UTF-8"?>
<testng-results ignored="0" total="1" passed="1" failed="0" skipped="0">
  <reporter-output>
  </reporter-output>
  <suite started-at="2023-07-04T16:56:35 IST" name="Default suite" finished-at="2023-07-04T16:56:37 IST" duration-ms="2663">
    <groups>
    </groups>
    <test started-at="2023-07-04T16:56:35 IST" name="Default test" finished-at="2023-07-04T16:56:37 IST" duration-ms="2663">
      <class name="day3.LogAllOption">
        <test-method signature="getLogAllFeaturesOption()[pri:0, instance:day3.LogAllOption@2fb3536e]" started-at="2023-07-04T16:56:35 IST" name="getLogAllFeaturesOption" finished-at="2023-07-04T16:56:37 IST" duration-ms="2604" status="PASS">
          <reporter-output>
          </reporter-output>
        </test-method> <!-- getLogAllFeaturesOption -->
      </class> <!-- day3.LogAllOption -->
    </test> <!-- Default test -->
  </suite> <!-- Default suite -->
</testng-results>
